2020-12-21T00:42:56.268Z [sysco_oms] info: OrderController getOrderRoute param: { fromDate=2020-01-01,toDate=undefined,page=0,limit=10}
2020-12-21T00:42:56.273Z [sysco_oms] error: INVALID_INPUTS OrderController getOrderRoute param: { fromDate=2020-01-01,toDate=undefined,page=0,limit=10}
2020-12-21T00:47:14.188Z [sysco_oms] info: OrderController updateOrderRoute() param: { orderId: 29 , orderStatus : {"orderStatus":"cancel"}}
2020-12-21T00:49:48.655Z [sysco_oms] info: OrderController updateOrderRoute() param: { orderId: 29 , orderStatus : {"orderStatus":"cancel"}}
2020-12-21T01:00:27.507Z [sysco_oms] info: OrderController updateOrderRoute() param: { orderId: 29 , orderStatus : {"orderStatus":"cancel"}}
2020-12-21T01:00:52.403Z [sysco_oms] info: OrderController updateOrderRoute() param: { orderId: 23 , orderStatus : {"orderStatus":"cancel"}}
2020-12-21T01:02:31.312Z [sysco_oms] info: OrderController updateOrderRoute() param: { orderId: 23 , orderStatus : {"orderStatus":"cancel"}}
2020-12-21T01:04:36.418Z [sysco_oms] info: OrderController updateOrderRoute() param: { orderId: 23 , orderStatus : {"orderStatus":"cancel"}}
2020-12-21T01:13:00.259Z [sysco_oms] info: OrderController updateOrderRoute() param: { orderId: 23 , orderStatus : {"orderStatus":"cancel"}}
2020-12-21T01:16:54.233Z [sysco_oms] info: OrderController updateOrderRoute() param: { orderId: 23 , orderStatus : {"orderStatus":"cancel"}}
2020-12-21T01:20:30.446Z [sysco_oms] info: OrderController updateOrderRoute() param: { orderId: 23 , orderStatus : {"orderStatus":"cancel"}}
2020-12-21T01:24:29.548Z [sysco_oms] info: OrderController updateOrderRoute() param: { orderId: 23 , orderStatus : {"orderStatus":"cancel"}}
2020-12-21T01:28:02.440Z [sysco_oms] info: OrderController updateOrderRoute() param: { orderId: 23 , orderStatus : {"orderStatus":"cancel"}}
2020-12-21T01:30:47.306Z [sysco_oms] info: OrderController updateOrderRoute() param: { orderId: 23 , orderStatus : {"orderStatus":"cancel"}}
2020-12-21T01:32:34.676Z [sysco_oms] info: OrderController updateOrderRoute() param: { orderId: 23 , orderStatus : {"orderStatus":"cancel"}}
2020-12-21T01:33:44.064Z [sysco_oms] info: OrderController updateOrderRoute() param: { orderId: 23 , orderStatus : {"orderStatus":"cancel"}}
2020-12-21T01:34:07.753Z [sysco_oms] info: OrderController updateOrderRoute() param: { orderId: 23 , orderStatus : {"orderStatus":"cancel"}}
2020-12-21T01:37:30.220Z [sysco_oms] info: OrderController updateOrderRoute() param: { orderId: 23 , orderStatus : {"orderStatus":"cancel"}}
2020-12-21T01:38:27.338Z [sysco_oms] info: OrderController updateOrderRoute() param: { orderId: 23 , orderStatus : {"orderStatus":"fail"}}
2020-12-21T01:39:01.059Z [sysco_oms] info: OrderController updateOrderRoute() param: { orderId: 23 , orderStatus : {"orderStatus":"fail"}}
2020-12-21T01:43:26.938Z [sysco_oms] info: OrderController updateOrderRoute() param: { orderId: 23 , orderStatus : {"orderStatus":"cancel"}}
2020-12-21T01:44:52.195Z [sysco_oms] error: Error: Column 'order_status' cannot be null
    at PromisePool.query (/home/windulakularatne/sysco-test-project/oms-node/node_modules/mysql2/promise.js:340:22)
    at updateOrderStatusDao (/home/windulakularatne/sysco-test-project/oms-node/src/dao/orderDao.js:26:27)
    at _callee2$ (/home/windulakularatne/sysco-test-project/oms-node/src/service/orderService.js:40:19)
    at tryCatch (/home/windulakularatne/sysco-test-project/oms-node/node_modules/regenerator-runtime/runtime.js:63:40)
    at Generator.invoke [as _invoke] (/home/windulakularatne/sysco-test-project/oms-node/node_modules/regenerator-runtime/runtime.js:293:22)
    at Generator.next (/home/windulakularatne/sysco-test-project/oms-node/node_modules/regenerator-runtime/runtime.js:118:21)
    at asyncGeneratorStep (/home/windulakularatne/sysco-test-project/oms-node/src/service/orderService.js:34:103)
    at _next (/home/windulakularatne/sysco-test-project/oms-node/src/service/orderService.js:36:194)
    at processTicksAndRejections (node:internal/process/task_queues:93:5) {
  code: 'ER_BAD_NULL_ERROR',
  errno: 1048,
  sqlState: '23000',
  sqlMessage: "Column 'order_status' cannot be null"
} error OrderController cancelOrder param: { %j }
2020-12-21T01:47:00.112Z [sysco_oms] info: OrderController updateOrderRoute() param: { orderId: 23 , orderStatus : {"orderStatus":"cancel"}}
2020-12-21T01:47:30.479Z [sysco_oms] error: Error: Column 'order_status' cannot be null
    at PromisePool.query (/home/windulakularatne/sysco-test-project/oms-node/node_modules/mysql2/promise.js:340:22)
    at updateOrderStatusDao (/home/windulakularatne/sysco-test-project/oms-node/src/dao/orderDao.js:26:27)
    at _callee2$ (/home/windulakularatne/sysco-test-project/oms-node/src/service/orderService.js:41:19)
    at tryCatch (/home/windulakularatne/sysco-test-project/oms-node/node_modules/regenerator-runtime/runtime.js:63:40)
    at Generator.invoke [as _invoke] (/home/windulakularatne/sysco-test-project/oms-node/node_modules/regenerator-runtime/runtime.js:293:22)
    at Generator.next (/home/windulakularatne/sysco-test-project/oms-node/node_modules/regenerator-runtime/runtime.js:118:21)
    at asyncGeneratorStep (/home/windulakularatne/sysco-test-project/oms-node/src/service/orderService.js:34:103)
    at _next (/home/windulakularatne/sysco-test-project/oms-node/src/service/orderService.js:36:194)
    at processTicksAndRejections (node:internal/process/task_queues:93:5) {
  code: 'ER_BAD_NULL_ERROR',
  errno: 1048,
  sqlState: '23000',
  sqlMessage: "Column 'order_status' cannot be null"
} error OrderController cancelOrder param: { %j }
2020-12-21T01:55:08.970Z [sysco_oms] info: OrderController updateOrderRoute() param: { orderId: 23 , orderStatus : {"orderStatus":"cancel"}}
2020-12-21T01:55:35.935Z [sysco_oms] error: Error: You have an error in your SQL syntax; check the manual that corresponds to your MySQL server version for the right syntax to use near 'where `[object Object]`' at line 1
    at PromisePool.query (/home/windulakularatne/sysco-test-project/oms-node/node_modules/mysql2/promise.js:340:22)
    at updateOrderStatusDao (/home/windulakularatne/sysco-test-project/oms-node/src/dao/orderDao.js:26:27)
    at _callee2$ (/home/windulakularatne/sysco-test-project/oms-node/src/service/orderService.js:41:19)
    at tryCatch (/home/windulakularatne/sysco-test-project/oms-node/node_modules/regenerator-runtime/runtime.js:63:40)
    at Generator.invoke [as _invoke] (/home/windulakularatne/sysco-test-project/oms-node/node_modules/regenerator-runtime/runtime.js:293:22)
    at Generator.next (/home/windulakularatne/sysco-test-project/oms-node/node_modules/regenerator-runtime/runtime.js:118:21)
    at asyncGeneratorStep (/home/windulakularatne/sysco-test-project/oms-node/src/service/orderService.js:34:103)
    at _next (/home/windulakularatne/sysco-test-project/oms-node/src/service/orderService.js:36:194)
    at processTicksAndRejections (node:internal/process/task_queues:93:5) {
  code: 'ER_PARSE_ERROR',
  errno: 1064,
  sqlState: '42000',
  sqlMessage: "You have an error in your SQL syntax; check the manual that corresponds to your MySQL server version for the right syntax to use near 'where `[object Object]`' at line 1"
} error OrderController cancelOrder param: { %j }
2020-12-21T01:56:45.675Z [sysco_oms] info: OrderController updateOrderRoute() param: { orderId: 23 , orderStatus : {"orderStatus":"cancel"}}
2020-12-21T01:57:05.705Z [sysco_oms] error: Error: Column 'order_status' cannot be null
    at PromisePool.query (/home/windulakularatne/sysco-test-project/oms-node/node_modules/mysql2/promise.js:340:22)
    at updateOrderStatusDao (/home/windulakularatne/sysco-test-project/oms-node/src/dao/orderDao.js:26:27)
    at _callee2$ (/home/windulakularatne/sysco-test-project/oms-node/src/service/orderService.js:41:19)
    at tryCatch (/home/windulakularatne/sysco-test-project/oms-node/node_modules/regenerator-runtime/runtime.js:63:40)
    at Generator.invoke [as _invoke] (/home/windulakularatne/sysco-test-project/oms-node/node_modules/regenerator-runtime/runtime.js:293:22)
    at Generator.next (/home/windulakularatne/sysco-test-project/oms-node/node_modules/regenerator-runtime/runtime.js:118:21)
    at asyncGeneratorStep (/home/windulakularatne/sysco-test-project/oms-node/src/service/orderService.js:34:103)
    at _next (/home/windulakularatne/sysco-test-project/oms-node/src/service/orderService.js:36:194)
    at processTicksAndRejections (node:internal/process/task_queues:93:5) {
  code: 'ER_BAD_NULL_ERROR',
  errno: 1048,
  sqlState: '23000',
  sqlMessage: "Column 'order_status' cannot be null"
} error OrderController cancelOrder param: { %j }
2020-12-21T01:58:36.889Z [sysco_oms] info: OrderController updateOrderRoute() param: { orderId: 23 , orderStatus : {"orderStatus":"cancel"}}
2020-12-21T02:00:24.849Z [sysco_oms] info: OrderController updateOrderRoute() param: { orderId: 23 , orderStatus : {"orderStatus":"cancel"}}
2020-12-21T02:00:24.888Z [sysco_oms] error: Error: Column 'order_status' cannot be null
    at PromisePool.query (/home/windulakularatne/sysco-test-project/oms-node/node_modules/mysql2/promise.js:340:22)
    at updateOrderStatusDao (/home/windulakularatne/sysco-test-project/oms-node/src/dao/orderDao.js:26:27)
    at _callee2$ (/home/windulakularatne/sysco-test-project/oms-node/src/service/orderService.js:41:19)
    at tryCatch (/home/windulakularatne/sysco-test-project/oms-node/node_modules/regenerator-runtime/runtime.js:63:40)
    at Generator.invoke [as _invoke] (/home/windulakularatne/sysco-test-project/oms-node/node_modules/regenerator-runtime/runtime.js:293:22)
    at Generator.next (/home/windulakularatne/sysco-test-project/oms-node/node_modules/regenerator-runtime/runtime.js:118:21)
    at asyncGeneratorStep (/home/windulakularatne/sysco-test-project/oms-node/src/service/orderService.js:34:103)
    at _next (/home/windulakularatne/sysco-test-project/oms-node/src/service/orderService.js:36:194)
    at processTicksAndRejections (node:internal/process/task_queues:93:5) {
  code: 'ER_BAD_NULL_ERROR',
  errno: 1048,
  sqlState: '23000',
  sqlMessage: "Column 'order_status' cannot be null"
} error OrderController cancelOrder param: { %j }
2020-12-21T02:02:25.835Z [sysco_oms] info: OrderController updateOrderRoute() param: { orderId: 23 , orderStatus : {"orderStatus":"cancel"}}
2020-12-21T02:02:25.871Z [sysco_oms] error: TypeError: Cannot read property 'toString' of undefined
    at _callee2$ (/home/windulakularatne/sysco-test-project/oms-node/src/service/orderService.js:41:59)
    at tryCatch (/home/windulakularatne/sysco-test-project/oms-node/node_modules/regenerator-runtime/runtime.js:63:40)
    at Generator.invoke [as _invoke] (/home/windulakularatne/sysco-test-project/oms-node/node_modules/regenerator-runtime/runtime.js:293:22)
    at Generator.next (/home/windulakularatne/sysco-test-project/oms-node/node_modules/regenerator-runtime/runtime.js:118:21)
    at asyncGeneratorStep (/home/windulakularatne/sysco-test-project/oms-node/src/service/orderService.js:34:103)
    at _next (/home/windulakularatne/sysco-test-project/oms-node/src/service/orderService.js:36:194)
    at processTicksAndRejections (node:internal/process/task_queues:93:5) error OrderController cancelOrder param: { %j }
2020-12-21T02:08:08.001Z [sysco_oms] info: OrderController updateOrderRoute() param: { orderId: 23 , orderStatus : {"orderStatus":"cancel"}}
2020-12-21T02:08:43.949Z [sysco_oms] info: OrderController updateOrderRoute() param: { orderId: 20 , orderStatus : {"orderStatus":"cancel"}}
2020-12-22T05:09:07.159Z [sysco_oms] info: OrderController getOrderRoute param: { fromDate=2020-01-01,toDate=2020-12-31,page=0,limit=10}
2020-12-22T05:12:06.266Z [sysco_oms] info: OrderController getOrderRoute param: { fromDate=2020-01-01,toDate=2020-12-31,page=0,limit=10}
2020-12-22T05:14:01.002Z [sysco_oms] info: OrderController getOrderRoute param: { fromDate=2020-01-01,toDate=2020-12-31,page=0,limit=10}
2020-12-22T05:16:40.799Z [sysco_oms] info: OrderController getOrderRoute param: { fromDate=2020-01-01,toDate=2020-12-31,page=0,limit=10}
2020-12-22T05:21:12.148Z [sysco_oms] info: OrderController getOrderRoute param: { fromDate=2020-01-01,toDate=2020-12-31,page=0,limit=10}
2020-12-22T05:22:08.095Z [sysco_oms] info: OrderController getOrderRoute param: { fromDate=2020-01-01,toDate=undefined,page=0,limit=10}
2020-12-22T05:22:08.100Z [sysco_oms] error: INVALID_INPUTS OrderController getOrderRoute param: { fromDate=2020-01-01,toDate=undefined,page=0,limit=10}
2020-12-22T05:22:19.490Z [sysco_oms] info: OrderController getOrderRoute param: { fromDate=2020-01-01,toDate=2020-12-31,page=0,limit=10}
2020-12-22T05:24:16.280Z [sysco_oms] info: OrderController getOrderRoute param: { fromDate=2020-01-01,toDate=2020-12-31,page=0,limit=10}
2020-12-22T05:26:54.786Z [sysco_oms] info: OrderController getOrderRoute param: { fromDate=2020-01-01,toDate=2020-12-31,page=0,limit=10}
2020-12-22T05:27:54.473Z [sysco_oms] info: OrderController getOrderRoute param: { fromDate=2020-01-01,toDate=2020-12-31,page=0,limit=10}
2020-12-22T05:32:50.706Z [sysco_oms] info: OrderController getOrderRoute param: { fromDate=2020-01-01,toDate=2020-12-31,page=0,limit=10}
2020-12-22T05:42:15.822Z [sysco_oms] info: OrderController updateOrderRoute() param: { orderId: 26 , orderStatus : {"orderStatus":"cancel"}}
2020-12-22T05:42:15.828Z [sysco_oms] error: isValidOrder() {}
2020-12-22T05:42:15.836Z [sysco_oms] error: TypeError: Invalid attempt to destructure non-iterable instance.
In order to be iterable, non-array objects must have a [Symbol.iterator]() method.
    at _nonIterableRest (/home/windulakularatne/sysco-test-project/oms-node/src/dao/orderDao.js:17:37)
    at _slicedToArray (/home/windulakularatne/sysco-test-project/oms-node/src/dao/orderDao.js:15:138)
    at orderStatusByIdDao (/home/windulakularatne/sysco-test-project/oms-node/src/dao/orderDao.js:51:45)
    at _callee2$ (/home/windulakularatne/sysco-test-project/oms-node/src/service/orderService.js:29:31)
    at tryCatch (/home/windulakularatne/sysco-test-project/oms-node/node_modules/regenerator-runtime/runtime.js:63:40)
    at Generator.invoke [as _invoke] (/home/windulakularatne/sysco-test-project/oms-node/node_modules/regenerator-runtime/runtime.js:293:22)
    at Generator.next (/home/windulakularatne/sysco-test-project/oms-node/node_modules/regenerator-runtime/runtime.js:118:21)
    at asyncGeneratorStep (/home/windulakularatne/sysco-test-project/oms-node/src/service/orderService.js:22:103)
    at _next (/home/windulakularatne/sysco-test-project/oms-node/src/service/orderService.js:24:194)
    at /home/windulakularatne/sysco-test-project/oms-node/src/service/orderService.js:24:364 error OrderController cancelOrder %j
2020-12-22T05:48:14.186Z [sysco_oms] info: OrderController updateOrderRoute() param: { orderId: 26 , orderStatus : {"orderStatus":"cancel"}}
2020-12-22T05:48:14.197Z [sysco_oms] error: isValidOrder() {}
2020-12-22T05:48:14.214Z [sysco_oms] error: TypeError: Invalid attempt to destructure non-iterable instance.
In order to be iterable, non-array objects must have a [Symbol.iterator]() method.
    at _nonIterableRest (/home/windulakularatne/sysco-test-project/oms-node/src/dao/orderDao.js:17:37)
    at _slicedToArray (/home/windulakularatne/sysco-test-project/oms-node/src/dao/orderDao.js:15:138)
    at orderStatusByIdDao (/home/windulakularatne/sysco-test-project/oms-node/src/dao/orderDao.js:51:45)
    at _callee2$ (/home/windulakularatne/sysco-test-project/oms-node/src/service/orderService.js:29:31)
    at tryCatch (/home/windulakularatne/sysco-test-project/oms-node/node_modules/regenerator-runtime/runtime.js:63:40)
    at Generator.invoke [as _invoke] (/home/windulakularatne/sysco-test-project/oms-node/node_modules/regenerator-runtime/runtime.js:293:22)
    at Generator.next (/home/windulakularatne/sysco-test-project/oms-node/node_modules/regenerator-runtime/runtime.js:118:21)
    at asyncGeneratorStep (/home/windulakularatne/sysco-test-project/oms-node/src/service/orderService.js:22:103)
    at _next (/home/windulakularatne/sysco-test-project/oms-node/src/service/orderService.js:24:194)
    at /home/windulakularatne/sysco-test-project/oms-node/src/service/orderService.js:24:364 error OrderController cancelOrder %j
2020-12-22T05:49:45.536Z [sysco_oms] info: OrderController updateOrderRoute() param: { orderId: 26 , orderStatus : {"orderStatus":"cancel"}}
2020-12-22T05:49:45.542Z [sysco_oms] error: isValidOrder() {}
2020-12-22T05:49:45.549Z [sysco_oms] error: TypeError: Invalid attempt to destructure non-iterable instance.
In order to be iterable, non-array objects must have a [Symbol.iterator]() method.
    at _nonIterableRest (/home/windulakularatne/sysco-test-project/oms-node/src/dao/orderDao.js:17:37)
    at _slicedToArray (/home/windulakularatne/sysco-test-project/oms-node/src/dao/orderDao.js:15:138)
    at orderStatusByIdDao (/home/windulakularatne/sysco-test-project/oms-node/src/dao/orderDao.js:51:45)
    at _callee2$ (/home/windulakularatne/sysco-test-project/oms-node/src/service/orderService.js:29:31)
    at tryCatch (/home/windulakularatne/sysco-test-project/oms-node/node_modules/regenerator-runtime/runtime.js:63:40)
    at Generator.invoke [as _invoke] (/home/windulakularatne/sysco-test-project/oms-node/node_modules/regenerator-runtime/runtime.js:293:22)
    at Generator.next (/home/windulakularatne/sysco-test-project/oms-node/node_modules/regenerator-runtime/runtime.js:118:21)
    at asyncGeneratorStep (/home/windulakularatne/sysco-test-project/oms-node/src/service/orderService.js:22:103)
    at _next (/home/windulakularatne/sysco-test-project/oms-node/src/service/orderService.js:24:194)
    at /home/windulakularatne/sysco-test-project/oms-node/src/service/orderService.js:24:364 error OrderController cancelOrder %j
2020-12-22T05:53:15.848Z [sysco_oms] info: OrderController updateOrderRoute() param: { orderId: 26 , orderStatus : {"orderStatus":"cancel"}}
2020-12-22T05:53:15.879Z [sysco_oms] info: 1 error OrderController cancelOrder orderUpdateCount: { %j }
2020-12-22T06:02:16.056Z [sysco_oms] info: OrderController updateOrderRoute() param: { orderId: 23 , orderStatus : {"orderStatus":"3dedwed"}}
2020-12-22T09:39:10.341Z [sysco_oms] info: OrderController getOrderRoute param: { fromDate=2020-01-01,toDate=2020-12-31,page=0,limit=10}
2020-12-22T11:18:02.588Z [sysco_oms] info: OrderController createOrder() param: {  orderRequest : {"userId":1,"orderItemList":[{"productId":"PROD_11223","quantity":3},{"productId":"PROD_11224","quantity":3}],"orderStatus":"placed","shipmentDate":"2020-12-31","userAddresID":1}}
2020-12-22T11:21:15.087Z [sysco_oms] info: OrderController createOrder() param: {  orderRequest : {"userId":1,"orderItemList":[{"productId":"PROD_11223","quantity":3},{"productId":"PROD_11224","quantity":3}],"orderStatus":"placed","shipmentDate":"2020-12-31","userAddresID":1}}
2020-12-22T11:23:15.528Z [sysco_oms] info: OrderController createOrder() param: {  orderRequest : {"userId":1,"orderItemList":[{"productId":"PROD_11223","quantity":3},{"productId":"PROD_11224","quantity":3}],"orderStatus":"placed","shipmentDate":"2020-12-31","userAddresID":1}}
2020-12-22T11:26:59.583Z [sysco_oms] info: OrderController createOrder() param: {  orderRequest : {"userId":1,"orderItemList":[{"productId":"PROD_11223","quantity":3},{"productId":"PROD_11224","quantity":3}],"orderStatus":"placed","shipmentDate":"2020-12-31","userAddresID":1}}
2020-12-22T11:57:04.717Z [sysco_oms] info: OrderController createOrder() param: {  orderRequest : {"userId":1,"orderItemList":[{"productId":"PROD_11223","quantity":3},{"productId":"PROD_11224","quantity":3}],"orderStatus":"placed","shipmentDate":"2020-12-31","userAddresID":1}}
2020-12-22T12:36:03.981Z [sysco_oms] info: OrderController createOrder() param: {  orderRequest : {"userId":1,"orderItemList":[{"productId":"PROD_11223","quantity":3},{"productId":"PROD_11224","quantity":3}],"orderStatus":"placed","shipmentDate":"2020-12-31","userAddresID":1}}
2020-12-22T12:40:33.430Z [sysco_oms] info: OrderController createOrder() param: {  orderRequest : {"userId":1,"orderItemList":[{"productId":"PROD_11223","quantity":3},{"productId":"PROD_11224","quantity":3}],"orderStatus":"placed","shipmentDate":"2020-12-31","userAddresID":1}}
2020-12-22T12:41:52.089Z [sysco_oms] info: OrderController createOrder() param: {  orderRequest : {"userId":1,"orderItemList":[{"productId":"PROD_11223","quantity":3},{"productId":"PROD_11224","quantity":3}],"orderStatus":"placed","shipmentDate":"2020-12-31","userAddresID":1}}
2020-12-22T12:49:49.327Z [sysco_oms] info: OrderController createOrder() param: {  orderRequest : {"userId":1,"orderItemList":[{"productId":"PROD_11223","quantity":3},{"productId":"PROD_11224","quantity":3}],"orderStatus":"placed","shipmentDate":"2020-12-31","userAddresID":1}}
2020-12-22T12:53:41.771Z [sysco_oms] info: OrderController createOrder() param: {  orderRequest : {"userId":1,"orderItemList":[{"productId":"PROD_11223","quantity":3},{"productId":"PROD_11224","quantity":3}],"orderStatus":"placed","shipmentDate":"2020-12-31","userAddresID":1}}
2020-12-22T12:55:05.619Z [sysco_oms] info: OrderController createOrder() param: {  orderRequest : {"userId":1,"orderItemList":[{"productId":"PROD_11223","quantity":3},{"productId":"PROD_11224","quantity":3}],"orderStatus":"placed","shipmentDate":"2020-12-31","userAddresID":1}}
2020-12-22T15:57:13.792Z [sysco_oms] info: false
2020-12-22T15:57:13.801Z [sysco_oms] info: false
2020-12-22T15:57:31.429Z [sysco_oms] info: OrderController createOrder() param: {  orderRequest : {"userId":1,"orderItemList":[{"productId":"PROD_11223","quantity":3},{"productId":"PROD_11224","quantity":3}],"orderStatus":"placed","shipmentDate":"2020-12-31","userAddresID":1}}
2020-12-22T15:57:49.511Z [sysco_oms] error: getValidOrderItemList() {}
2020-12-22T15:59:46.393Z [sysco_oms] info: false
2020-12-22T15:59:46.476Z [sysco_oms] info: false
2020-12-22T15:59:49.053Z [sysco_oms] info: OrderController createOrder() param: {  orderRequest : {"userId":1,"orderItemList":[{"productId":"PROD_11223","quantity":3},{"productId":"PROD_11224","quantity":3}],"orderStatus":"placed","shipmentDate":"2020-12-31","userAddresID":1}}
2020-12-22T16:01:23.822Z [sysco_oms] error: getValidOrderItemList() {}
2020-12-22T16:03:07.266Z [sysco_oms] info: false
2020-12-22T16:03:07.272Z [sysco_oms] info: false
2020-12-22T16:03:10.448Z [sysco_oms] info: OrderController createOrder() param: {  orderRequest : {"userId":1,"orderItemList":[{"productId":"PROD_11223","quantity":3},{"productId":"PROD_11224","quantity":3}],"orderStatus":"placed","shipmentDate":"2020-12-31","userAddresID":1}}
2020-12-22T16:03:10.452Z [sysco_oms] error: getValidOrderItemList() {}
2020-12-22T16:05:09.653Z [sysco_oms] info: false
2020-12-22T16:05:09.659Z [sysco_oms] info: false
2020-12-22T16:05:12.751Z [sysco_oms] info: OrderController createOrder() param: {  orderRequest : {"userId":1,"orderItemList":[{"productId":"PROD_11223","quantity":3},{"productId":"PROD_11224","quantity":3}],"orderStatus":"placed","shipmentDate":"2020-12-31","userAddresID":1}}
2020-12-22T16:05:12.756Z [sysco_oms] error: getValidOrderItemList() {}
2020-12-22T16:06:16.568Z [sysco_oms] info: false
2020-12-22T16:06:16.572Z [sysco_oms] info: false
2020-12-22T16:06:21.403Z [sysco_oms] info: OrderController createOrder() param: {  orderRequest : {"userId":1,"orderItemList":[{"productId":"PROD_11223","quantity":3},{"productId":"PROD_11224","quantity":3}],"orderStatus":"placed","shipmentDate":"2020-12-31","userAddresID":1}}
2020-12-22T16:06:21.409Z [sysco_oms] error: getValidOrderItemList() {}
2020-12-22T16:06:59.796Z [sysco_oms] info: false
2020-12-22T16:06:59.806Z [sysco_oms] info: false
2020-12-22T16:07:02.085Z [sysco_oms] info: OrderController createOrder() param: {  orderRequest : {"userId":1,"orderItemList":[{"productId":"PROD_11223","quantity":3},{"productId":"PROD_11224","quantity":3}],"orderStatus":"placed","shipmentDate":"2020-12-31","userAddresID":1}}
2020-12-22T16:07:38.712Z [sysco_oms] error: getValidOrderItemList() ReferenceError: item is not defined
    at findProductByIdDao (/home/windulakularatne/sysco-test-project/oms-node/src/dao/productDao.js:4:37)
    at getValidOrderItemList (/home/windulakularatne/sysco-test-project/oms-node/src/validation/orderValidation.js:44:24)
    at isValidPostOrderRequest (/home/windulakularatne/sysco-test-project/oms-node/src/validation/orderValidation.js:78:11)
    at processTicksAndRejections (node:internal/process/task_queues:93:5)
2020-12-22T16:09:48.229Z [sysco_oms] info: false
2020-12-22T16:09:48.237Z [sysco_oms] info: false
2020-12-22T16:09:59.563Z [sysco_oms] info: OrderController createOrder() param: {  orderRequest : {"userId":1,"orderItemList":[{"productId":"PROD_11223","quantity":3},{"productId":"PROD_11224","quantity":3}],"orderStatus":"placed","shipmentDate":"2020-12-31","userAddresID":1}}
2020-12-22T16:21:35.735Z [sysco_oms] info: false
2020-12-22T16:21:35.744Z [sysco_oms] info: false
2020-12-22T16:21:39.237Z [sysco_oms] info: OrderController createOrder() param: {  orderRequest : {"userId":1,"orderItemList":[{"productId":"PROD_11223","quantity":3},{"productId":"PROD_11224","quantity":3}],"orderStatus":"placed","shipmentDate":"2020-12-31","userAddresID":1}}
2020-12-22T16:23:01.490Z [sysco_oms] error: getValidOrderItemList() ReferenceError: product is not defined
    at getValidOrderItemList (/home/windulakularatne/sysco-test-project/oms-node/src/validation/orderValidation.js:49:20)
    at processTicksAndRejections (node:internal/process/task_queues:93:5)
    at isValidPostOrderRequest (/home/windulakularatne/sysco-test-project/oms-node/src/validation/orderValidation.js:78:5)
2020-12-22T16:24:53.185Z [sysco_oms] info: false
2020-12-22T16:24:53.194Z [sysco_oms] info: false
2020-12-22T16:24:56.211Z [sysco_oms] info: OrderController createOrder() param: {  orderRequest : {"userId":1,"orderItemList":[{"productId":"PROD_11223","quantity":3},{"productId":"PROD_11224","quantity":3}],"orderStatus":"placed","shipmentDate":"2020-12-31","userAddresID":1}}
2020-12-22T16:35:30.196Z [sysco_oms] info: false
2020-12-22T16:35:30.205Z [sysco_oms] info: false
2020-12-22T16:35:37.028Z [sysco_oms] info: OrderController createOrder() param: {  orderRequest : {"userId":1,"orderItemList":[{"productId":"PROD_11223","quantity":3},{"productId":"PROD_11224","quantity":3}],"orderStatus":"placed","shipmentDate":"2020-12-31","userAddresID":1}}
2020-12-22T16:36:52.568Z [sysco_oms] info: false
2020-12-22T16:36:52.579Z [sysco_oms] info: false
2020-12-22T16:36:56.690Z [sysco_oms] info: OrderController createOrder() param: {  orderRequest : {"userId":1,"orderItemList":[{"productId":"PROD_11223","quantity":3},{"productId":"PROD_11224","quantity":3}],"orderStatus":"placed","shipmentDate":"2020-12-31","userAddresID":1}}
2020-12-22T16:39:19.785Z [sysco_oms] info: false
2020-12-22T16:39:19.794Z [sysco_oms] info: false
2020-12-22T16:39:23.193Z [sysco_oms] info: OrderController createOrder() param: {  orderRequest : {"userId":1,"orderItemList":[{"productId":"PROD_11223","quantity":3},{"productId":"PROD_11224","quantity":3}],"orderStatus":"placed","shipmentDate":"2020-12-31","userAddresID":1}}
2020-12-22T16:39:56.098Z [sysco_oms] error: invalid user address {"message":"connect ETIMEDOUT","code":"ETIMEDOUT"}
2020-12-22T16:41:42.661Z [sysco_oms] info: false
2020-12-22T16:41:42.670Z [sysco_oms] info: false
2020-12-22T16:41:46.119Z [sysco_oms] info: OrderController createOrder() param: {  orderRequest : {"userId":1,"orderItemList":[{"productId":"PROD_11223","quantity":3},{"productId":"PROD_11224","quantity":3}],"orderStatus":"placed","shipmentDate":"2020-12-31","userAddresID":1}}
2020-12-22T16:42:11.188Z [sysco_oms] error: invalid user address {"message":"connect ETIMEDOUT","code":"ETIMEDOUT"}
2020-12-22T16:49:51.359Z [sysco_oms] info: false
2020-12-22T16:49:51.418Z [sysco_oms] info: false
2020-12-22T16:49:54.793Z [sysco_oms] info: OrderController createOrder() param: {  orderRequest : {"userId":1,"orderItemList":[{"productId":"PROD_11223","quantity":3},{"productId":"PROD_11224","quantity":3}],"orderStatus":"placed","shipmentDate":"2020-12-31","userAddresID":1}}
2020-12-22T16:50:06.762Z [sysco_oms] error: invalid user address {"message":"connect ETIMEDOUT","code":"ETIMEDOUT"}
2020-12-22T17:56:05.147Z [sysco_oms] info: false
2020-12-22T17:56:05.160Z [sysco_oms] info: false
2020-12-22T17:56:05.171Z [sysco_oms] info: false
2020-12-22T17:56:05.183Z [sysco_oms] info: false
2020-12-22T17:56:14.406Z [sysco_oms] info: OrderController createOrder() param: {  orderRequest : {"userId":1,"orderItemList":[{"productId":"PROD_11223","quantity":3},{"productId":"PROD_11224","quantity":3}],"orderStatus":"placed","shipmentDate":"2020-12-31","userAddresID":1}}
2020-12-22T17:57:20.186Z [sysco_oms] info: false
2020-12-22T17:57:20.204Z [sysco_oms] info: false
2020-12-22T17:57:20.213Z [sysco_oms] info: false
2020-12-22T17:57:20.222Z [sysco_oms] info: false
2020-12-22T17:57:23.343Z [sysco_oms] info: OrderController createOrder() param: {  orderRequest : {"userId":1,"orderItemList":[{"productId":"PROD_11223","quantity":3},{"productId":"PROD_11224","quantity":3}],"orderStatus":"placed","shipmentDate":"2020-12-31","userAddresID":1}}
2020-12-22T17:57:51.899Z [sysco_oms] error: invalid user address {"message":"Connection lost: The server closed the connection.","code":"PROTOCOL_CONNECTION_LOST"}
2020-12-22T17:58:54.728Z [sysco_oms] info: false
2020-12-22T17:58:54.784Z [sysco_oms] info: false
2020-12-22T17:58:54.805Z [sysco_oms] info: false
2020-12-22T17:58:54.816Z [sysco_oms] info: false
2020-12-22T17:58:57.856Z [sysco_oms] info: OrderController createOrder() param: {  orderRequest : {"userId":1,"orderItemList":[{"productId":"PROD_11223","quantity":3},{"productId":"PROD_11224","quantity":3}],"orderStatus":"placed","shipmentDate":"2020-12-31","userAddresID":1}}
2020-12-22T17:59:14.984Z [sysco_oms] error: invalid user address {"message":"Connection lost: The server closed the connection.","code":"PROTOCOL_CONNECTION_LOST"}
2020-12-22T17:59:56.941Z [sysco_oms] info: false
2020-12-22T17:59:56.952Z [sysco_oms] info: false
2020-12-22T17:59:57.009Z [sysco_oms] info: false
2020-12-22T17:59:57.018Z [sysco_oms] info: false
2020-12-22T18:00:00.460Z [sysco_oms] info: OrderController createOrder() param: {  orderRequest : {"userId":1,"orderItemList":[{"productId":"PROD_11223","quantity":3},{"productId":"PROD_11224","quantity":3}],"orderStatus":"placed","shipmentDate":"2020-12-31","userAddresID":1}}
2020-12-22T18:01:01.566Z [sysco_oms] info: false
2020-12-22T18:01:01.583Z [sysco_oms] info: false
2020-12-22T18:01:01.614Z [sysco_oms] info: false
2020-12-22T18:01:01.623Z [sysco_oms] info: false
2020-12-22T18:01:05.057Z [sysco_oms] info: OrderController createOrder() param: {  orderRequest : {"userId":1,"orderItemList":[{"productId":"PROD_11223","quantity":3},{"productId":"PROD_11224","quantity":3}],"orderStatus":"placed","shipmentDate":"2020-12-31","userAddresID":1}}
2020-12-22T18:02:52.990Z [sysco_oms] info: false
2020-12-22T18:02:53.005Z [sysco_oms] info: false
2020-12-22T18:02:53.014Z [sysco_oms] info: false
2020-12-22T18:02:53.026Z [sysco_oms] info: false
2020-12-22T18:02:55.097Z [sysco_oms] info: OrderController createOrder() param: {  orderRequest : {"userId":1,"orderItemList":[{"productId":"PROD_11223","quantity":3},{"productId":"PROD_11224","quantity":3}],"orderStatus":"placed","shipmentDate":"2020-12-31","userAddresID":1}}
2020-12-22T18:34:40.777Z [sysco_oms] info: false
2020-12-22T18:34:40.783Z [sysco_oms] info: false
2020-12-22T18:34:40.831Z [sysco_oms] info: false
2020-12-22T18:34:40.834Z [sysco_oms] info: false
2020-12-22T18:34:51.638Z [sysco_oms] info: OrderController createOrder() param: {  orderRequest : {"userId":1,"orderItemList":[{"productId":"PROD_11223","quantity":3},{"productId":"PROD_11224","quantity":3}],"orderStatus":"placed","shipmentDate":"2020-12-31","userAddresID":1}}
2020-12-22T18:36:43.982Z [sysco_oms] info: OrderController createOrder() param: {  orderRequest : {"userId":1,"orderItemList":[{"productId":"PROD_11223","quantity":3},{"productId":"PROD_11224","quantity":3}],"orderStatus":"placed","shipmentDate":"2020-12-31","userAddresID":1}}
2020-12-23T04:00:41.241Z [sysco_oms] info: false
2020-12-23T04:00:41.258Z [sysco_oms] info: false
2020-12-23T04:00:41.263Z [sysco_oms] info: false
2020-12-23T04:00:41.267Z [sysco_oms] info: false
2020-12-23T04:00:48.884Z [sysco_oms] info: OrderController createOrder() param: {  orderRequest : {
  userId: 1,
  orderItemList: [Array],
  orderStatus: 'placed',
  shipmentDate: '2020-12-31',
  userAddresID: 1
}}
2020-12-23T04:02:40.424Z [sysco_oms] info: false
2020-12-23T04:02:40.437Z [sysco_oms] info: false
2020-12-23T04:02:40.447Z [sysco_oms] info: false
2020-12-23T04:02:40.455Z [sysco_oms] info: false
2020-12-23T04:02:44.625Z [sysco_oms] info: OrderController createOrder() param: {  orderRequest : {
  userId: 1,
  orderItemList: [Array],
  orderStatus: 'placed',
  shipmentDate: '2020-12-31',
  userAddresID: 1
}}
2020-12-23T04:02:57.810Z [sysco_oms] error: invalid user address {"message":"connect ETIMEDOUT","code":"ETIMEDOUT"}
2020-12-23T04:07:36.128Z [sysco_oms] info: false
2020-12-23T04:07:36.134Z [sysco_oms] info: false
2020-12-23T04:07:36.137Z [sysco_oms] info: false
2020-12-23T04:07:36.145Z [sysco_oms] info: false
2020-12-23T04:07:41.802Z [sysco_oms] info: OrderController createOrder() param: {  orderRequest : {
  userId: 1,
  orderItemList: [Array],
  orderStatus: 'placed',
  shipmentDate: '2020-12-31',
  userAddresID: 1
}}
2020-12-23T04:12:15.057Z [sysco_oms] info: false
2020-12-23T04:12:15.062Z [sysco_oms] info: false
2020-12-23T04:12:15.065Z [sysco_oms] info: false
2020-12-23T04:12:15.074Z [sysco_oms] info: false
2020-12-23T04:12:30.257Z [sysco_oms] info: OrderController createOrder() param: {  orderRequest : {
  userId: 1,
  orderItemList: [Array],
  orderStatus: 'placed',
  shipmentDate: '2020-12-31',
  userAddresID: 1
}}
2020-12-23T04:19:24.896Z [sysco_oms] info: false
2020-12-23T04:19:24.907Z [sysco_oms] info: false
2020-12-23T04:19:24.913Z [sysco_oms] info: false
2020-12-23T04:19:24.961Z [sysco_oms] info: false
2020-12-23T04:19:30.188Z [sysco_oms] info: OrderController createOrder() param: {  orderRequest : {
  userId: 1,
  orderItemList: [Array],
  orderStatus: 'placed',
  shipmentDate: '2020-12-31',
  userAddresID: 1
}}
2020-12-23T04:24:07.037Z [sysco_oms] info: false
2020-12-23T04:24:07.043Z [sysco_oms] info: false
2020-12-23T04:24:07.046Z [sysco_oms] info: false
2020-12-23T04:24:07.087Z [sysco_oms] info: false
2020-12-23T04:24:10.028Z [sysco_oms] info: OrderController createOrder() param: {  orderRequest : {
  userId: 1,
  orderItemList: [Array],
  orderStatus: 'placed',
  shipmentDate: '2020-12-31',
  userAddresID: 1
}}
2020-12-23T04:49:49.641Z [sysco_oms] info: false
2020-12-23T04:49:49.647Z [sysco_oms] info: false
2020-12-23T04:49:49.650Z [sysco_oms] info: false
2020-12-23T04:49:49.689Z [sysco_oms] info: false
2020-12-23T04:49:58.034Z [sysco_oms] info: OrderController createOrder() param: {  orderRequest : {
  userId: 1,
  orderItemList: [Array],
  orderStatus: 'placed',
  shipmentDate: '2020-12-31',
  userAddresID: 1
}}
2020-12-23T04:53:26.154Z [sysco_oms] info: OrderController getOrderRoute param: { fromDate=2020-01-01,toDate=2020-12-31,page=0,limit=10}
2020-12-23T04:53:39.007Z [sysco_oms] info: OrderController getOrderRoute param: { fromDate=2020-01-01,toDate=2020-12-31,page=0,limit=10}
2020-12-23T05:35:26.102Z [sysco_oms] info: false
2020-12-23T05:35:26.108Z [sysco_oms] info: false
2020-12-23T05:35:26.111Z [sysco_oms] info: false
2020-12-23T05:35:26.132Z [sysco_oms] info: false
2020-12-23T05:35:32.317Z [sysco_oms] info: OrderController getOrderRoute param: { fromDate=2020-01-01,toDate=2020-12-31,page=0,limit=10}
2020-12-23T05:35:32.337Z [sysco_oms] error: INVALID_INPUTS OrderController getOrderRoute ReferenceError: address is not defined
    at getDeliveryAddres (/home/windulakularatne/sysco-test-project/oms-node/src/util/orderUtil.js:24:10)
    at forEach (/home/windulakularatne/sysco-test-project/oms-node/src/service/orderService.js:52:26)
    at Array.forEach (<anonymous>)
    at OrderService.getOrders (/home/windulakularatne/sysco-test-project/oms-node/src/service/orderService.js:43:12)
    at processTicksAndRejections (node:internal/process/task_queues:93:5)
    at getOrderRoute (/home/windulakularatne/sysco-test-project/oms-node/src/routes/orderRoutes.js:31:22)
2020-12-23T05:36:51.572Z [sysco_oms] info: false
2020-12-23T05:36:51.577Z [sysco_oms] info: false
2020-12-23T05:36:51.581Z [sysco_oms] info: false
2020-12-23T05:36:51.622Z [sysco_oms] info: false
2020-12-23T05:36:56.403Z [sysco_oms] info: OrderController getOrderRoute param: { fromDate=2020-01-01,toDate=2020-12-31,page=0,limit=10}
2020-12-23T08:57:35.511Z [sysco_oms] info: false
2020-12-23T08:57:35.423Z [sysco_oms] info: false
2020-12-23T08:58:20.380Z [sysco_oms] info: false
2020-12-23T08:58:20.328Z [sysco_oms] info: false
2020-12-23T08:59:25.628Z [sysco_oms] info: false
2020-12-23T08:59:25.574Z [sysco_oms] info: false
2020-12-23T09:10:09.898Z [sysco_oms] info: false
2020-12-23T09:10:09.842Z [sysco_oms] info: false
2020-12-23T09:10:58.281Z [sysco_oms] info: false
2020-12-23T09:10:58.227Z [sysco_oms] info: false
2020-12-23T09:16:03.634Z [sysco_oms] info: false
2020-12-23T09:16:03.540Z [sysco_oms] info: false
2020-12-23T09:16:55.240Z [sysco_oms] info: false
2020-12-23T09:16:55.188Z [sysco_oms] info: false
2020-12-23T10:03:27.223Z [sysco_oms] info: false
2020-12-23T10:03:27.269Z [sysco_oms] info: false
2020-12-23T10:13:17.887Z [sysco_oms] info: false
2020-12-23T10:13:17.892Z [sysco_oms] info: false
2020-12-23T10:15:13.346Z [sysco_oms] info: false
2020-12-23T10:15:13.351Z [sysco_oms] info: false
2020-12-23T10:16:19.561Z [sysco_oms] info: false
2020-12-23T10:16:19.566Z [sysco_oms] info: false
2020-12-23T10:17:58.757Z [sysco_oms] info: false
2020-12-23T10:18:34.761Z [sysco_oms] info: false
2020-12-23T10:18:34.782Z [sysco_oms] info: false
2020-12-23T10:32:48.523Z [sysco_oms] info: false
2020-12-23T10:32:48.527Z [sysco_oms] info: false
2020-12-23T10:42:23.429Z [sysco_oms] info: false
2020-12-23T10:42:23.435Z [sysco_oms] info: false
2020-12-23T11:18:14.319Z [sysco_oms] info: false
2020-12-23T11:21:07.036Z [sysco_oms] info: false
2020-12-23T11:22:10.552Z [sysco_oms] info: false
2020-12-23T11:22:10.558Z [sysco_oms] info: false
2020-12-23T11:30:04.588Z [sysco_oms] info: false
2020-12-23T11:31:17.834Z [sysco_oms] info: false
2020-12-23T11:31:17.839Z [sysco_oms] info: false
2020-12-23T11:32:46.552Z [sysco_oms] info: false
2020-12-23T11:32:46.556Z [sysco_oms] info: false
2020-12-23T11:32:58.355Z [sysco_oms] info: false
2020-12-23T11:32:58.360Z [sysco_oms] info: false
2020-12-23T11:33:43.723Z [sysco_oms] info: false
2020-12-23T11:33:43.727Z [sysco_oms] info: false
2020-12-23T11:34:58.663Z [sysco_oms] info: false
2020-12-23T11:34:58.667Z [sysco_oms] info: false
2020-12-23T11:36:17.998Z [sysco_oms] info: false
2020-12-23T11:36:18.002Z [sysco_oms] info: false
2020-12-23T11:39:50.142Z [sysco_oms] info: false
2020-12-23T11:40:26.239Z [sysco_oms] info: false
2020-12-23T11:40:26.243Z [sysco_oms] info: false
2020-12-23T11:45:54.472Z [sysco_oms] info: false
2020-12-23T11:45:54.479Z [sysco_oms] info: false
2020-12-23T11:46:46.310Z [sysco_oms] info: false
2020-12-23T11:47:09.324Z [sysco_oms] info: false
2020-12-23T11:47:09.328Z [sysco_oms] info: false
2020-12-23T11:49:26.952Z [sysco_oms] info: false
2020-12-23T11:49:26.957Z [sysco_oms] info: false
2020-12-23T11:50:44.256Z [sysco_oms] info: false
2020-12-23T11:51:29.800Z [sysco_oms] info: false
2020-12-23T11:51:47.328Z [sysco_oms] info: false
2020-12-23T11:51:47.334Z [sysco_oms] info: false
2020-12-23T11:54:25.499Z [sysco_oms] info: false
2020-12-23T11:54:25.504Z [sysco_oms] info: false
2020-12-23T16:13:32.577Z [sysco_oms] info: false
2020-12-23T16:13:32.588Z [sysco_oms] info: false
2020-12-23T16:16:55.451Z [sysco_oms] info: false
2020-12-23T16:16:55.456Z [sysco_oms] info: false
2020-12-23T16:18:10.289Z [sysco_oms] info: false
2020-12-23T16:18:10.294Z [sysco_oms] info: false
2020-12-23T16:19:23.711Z [sysco_oms] info: false
2020-12-23T16:19:23.716Z [sysco_oms] info: false
2020-12-23T16:37:45.390Z [sysco_oms] info: false
2020-12-23T16:37:45.399Z [sysco_oms] info: false
2020-12-23T17:37:04.486Z [sysco_oms] info: false
2020-12-23T17:37:04.491Z [sysco_oms] info: false
2020-12-23T17:39:20.613Z [sysco_oms] info: false
2020-12-23T17:39:20.619Z [sysco_oms] info: false
2020-12-23T17:41:15.412Z [sysco_oms] info: false
2020-12-23T17:41:15.417Z [sysco_oms] info: false
2020-12-23T17:41:48.192Z [sysco_oms] info: false
2020-12-23T17:41:48.197Z [sysco_oms] info: false
2020-12-23T17:43:01.058Z [sysco_oms] info: false
2020-12-23T17:43:01.064Z [sysco_oms] info: false
2020-12-23T17:50:31.522Z [sysco_oms] info: false
2020-12-23T17:50:31.537Z [sysco_oms] info: false
2020-12-23T17:53:06.998Z [sysco_oms] info: false
2020-12-23T17:53:07.004Z [sysco_oms] info: false
2020-12-23T18:02:02.445Z [sysco_oms] info: false
2020-12-23T18:02:02.451Z [sysco_oms] info: false
2020-12-23T18:03:12.464Z [sysco_oms] info: false
2020-12-23T18:03:12.469Z [sysco_oms] info: false
2020-12-23T18:05:58.609Z [sysco_oms] info: false
2020-12-23T18:05:58.614Z [sysco_oms] info: false
2020-12-23T18:06:51.950Z [sysco_oms] info: false
2020-12-23T18:06:51.955Z [sysco_oms] info: false
2020-12-23T18:15:36.103Z [sysco_oms] info: false
2020-12-23T18:15:36.108Z [sysco_oms] info: false
2020-12-23T18:16:05.335Z [sysco_oms] info: false
2020-12-23T18:16:05.340Z [sysco_oms] info: false
2020-12-23T18:20:14.534Z [sysco_oms] info: false
2020-12-23T18:20:14.539Z [sysco_oms] info: false
2020-12-23T18:43:44.285Z [sysco_oms] info: false
2020-12-23T18:43:44.294Z [sysco_oms] info: false
2020-12-23T18:46:22.487Z [sysco_oms] info: false
2020-12-23T18:46:22.492Z [sysco_oms] info: false
2020-12-24T01:55:10.535Z [sysco_oms] info: false
2020-12-24T01:55:10.546Z [sysco_oms] info: false
2020-12-24T01:59:02.567Z [sysco_oms] info: false
2020-12-24T01:59:02.573Z [sysco_oms] info: false
2020-12-24T01:59:42.193Z [sysco_oms] info: false
2020-12-24T01:59:42.199Z [sysco_oms] info: false
2020-12-24T02:12:35.031Z [sysco_oms] info: false
2020-12-24T02:12:35.037Z [sysco_oms] info: false
2020-12-24T02:14:11.966Z [sysco_oms] info: false
2020-12-24T02:14:11.971Z [sysco_oms] info: false
2020-12-24T02:20:00.483Z [sysco_oms] info: false
2020-12-24T02:20:00.488Z [sysco_oms] info: false
2020-12-24T03:44:05.850Z [sysco_oms] info: false
2020-12-24T03:44:05.855Z [sysco_oms] info: false
2020-12-24T03:44:16.939Z [sysco_oms] info: false
2020-12-24T03:44:16.944Z [sysco_oms] info: false
2020-12-24T03:44:46.410Z [sysco_oms] info: false
2020-12-24T03:45:47.799Z [sysco_oms] info: false
2020-12-24T03:45:47.804Z [sysco_oms] info: false
2020-12-24T03:46:03.089Z [sysco_oms] info: false
2020-12-24T03:46:03.094Z [sysco_oms] info: false
2020-12-24T03:46:39.971Z [sysco_oms] info: false
2020-12-24T03:46:39.976Z [sysco_oms] info: false
2020-12-24T03:47:18.289Z [sysco_oms] info: false
2020-12-24T03:47:18.294Z [sysco_oms] info: false
2020-12-24T03:47:37.874Z [sysco_oms] info: false
2020-12-24T03:47:37.879Z [sysco_oms] info: false
2020-12-24T03:51:36.393Z [sysco_oms] info: false
2020-12-24T03:51:36.398Z [sysco_oms] info: false
2020-12-24T04:10:33.951Z [sysco_oms] info: false
2020-12-24T04:10:33.989Z [sysco_oms] info: false
2020-12-24T04:12:07.947Z [sysco_oms] info: false
2020-12-24T04:12:07.952Z [sysco_oms] info: false
2020-12-24T04:15:43.751Z [sysco_oms] info: false
2020-12-24T04:15:43.756Z [sysco_oms] info: false
2020-12-24T04:15:56.869Z [sysco_oms] info: false
2020-12-24T04:15:56.874Z [sysco_oms] info: false
2020-12-24T04:25:33.008Z [sysco_oms] info: false
2020-12-24T04:25:33.013Z [sysco_oms] info: false
2020-12-24T04:29:58.055Z [sysco_oms] info: false
2020-12-24T04:29:58.083Z [sysco_oms] info: false
2020-12-24T04:36:21.915Z [sysco_oms] info: false
2020-12-24T04:36:44.824Z [sysco_oms] info: false
2020-12-24T04:40:51.693Z [sysco_oms] info: false
2020-12-24T04:42:46.202Z [sysco_oms] info: false
2020-12-24T04:42:46.208Z [sysco_oms] info: false
2020-12-24T04:43:24.270Z [sysco_oms] info: false
2020-12-24T04:43:24.275Z [sysco_oms] info: false
2020-12-24T04:44:05.624Z [sysco_oms] info: false
2020-12-24T04:44:05.630Z [sysco_oms] info: false
2020-12-24T04:45:00.306Z [sysco_oms] info: false
2020-12-24T04:45:00.311Z [sysco_oms] info: false
2020-12-24T04:46:35.740Z [sysco_oms] info: false
2020-12-24T04:46:35.745Z [sysco_oms] info: false
2020-12-24T04:47:49.847Z [sysco_oms] info: false
2020-12-24T04:47:49.852Z [sysco_oms] info: false
2020-12-24T04:48:19.935Z [sysco_oms] info: false
2020-12-24T04:48:19.940Z [sysco_oms] info: false
2020-12-24T05:02:39.194Z [sysco_oms] info: false
2020-12-24T05:02:39.199Z [sysco_oms] info: false
2020-12-24T05:02:58.589Z [sysco_oms] info: false
2020-12-24T05:02:58.594Z [sysco_oms] info: false
2020-12-24T05:05:17.704Z [sysco_oms] info: false
2020-12-24T05:05:17.709Z [sysco_oms] info: false
2020-12-24T05:11:49.676Z [sysco_oms] info: false
2020-12-24T05:11:49.681Z [sysco_oms] info: false
2020-12-24T05:13:04.732Z [sysco_oms] info: false
2020-12-24T05:13:04.737Z [sysco_oms] info: false
2020-12-24T05:13:41.421Z [sysco_oms] info: false
2020-12-24T05:13:41.426Z [sysco_oms] info: false
2020-12-24T05:14:44.672Z [sysco_oms] info: false
2020-12-24T05:14:44.678Z [sysco_oms] info: false
2020-12-24T05:15:11.121Z [sysco_oms] info: false
2020-12-24T05:15:11.126Z [sysco_oms] info: false
2020-12-24T05:18:25.470Z [sysco_oms] info: false
2020-12-24T05:18:25.475Z [sysco_oms] info: false
2020-12-24T05:30:13.834Z [sysco_oms] info: false
2020-12-24T05:30:13.839Z [sysco_oms] info: false
2020-12-24T05:33:53.308Z [sysco_oms] info: false
2020-12-24T05:33:53.313Z [sysco_oms] info: false
2020-12-24T06:06:38.435Z [sysco_oms] info: false
2020-12-24T06:06:38.482Z [sysco_oms] info: false
2020-12-24T06:37:53.084Z [sysco_oms] info: false
2020-12-24T06:43:51.382Z [sysco_oms] info: false
2020-12-24T06:44:17.840Z [sysco_oms] info: false
2020-12-24T06:46:22.508Z [sysco_oms] info: false
2020-12-24T06:58:15.568Z [sysco_oms] info: false
2020-12-24T07:11:12.389Z [sysco_oms] info: false
2020-12-24T07:11:51.951Z [sysco_oms] info: false
2020-12-24T07:12:44.090Z [sysco_oms] info: false
2020-12-24T07:13:23.993Z [sysco_oms] info: false
2020-12-24T07:42:40.422Z [sysco_oms] info: false
2020-12-24T07:42:40.729Z [sysco_oms] error: isValidOrder() undefined
2020-12-24T07:44:37.854Z [sysco_oms] info: false
2020-12-24T07:44:38.049Z [sysco_oms] error: isValidOrder() undefined
2020-12-24T07:50:23.543Z [sysco_oms] info: false
2020-12-24T07:50:23.709Z [sysco_oms] error: isValidOrder() undefined
2020-12-24T07:51:07.141Z [sysco_oms] info: false
2020-12-24T07:51:07.307Z [sysco_oms] error: isValidOrder() undefined
2020-12-24T07:53:01.672Z [sysco_oms] info: false
2020-12-24T10:39:11.469Z [sysco_oms] info: false
2020-12-24T10:39:11.510Z [sysco_oms] info: false
2020-12-24T10:39:11.522Z [sysco_oms] info: false
2020-12-24T10:39:11.538Z [sysco_oms] info: false
2020-12-24T10:39:30.281Z [sysco_oms] info: OrderController createOrder() param: {  orderRequest : {
  userId: 1,
  orderItemList: [Array],
  orderStatus: 'placed',
  shipmentDate: '2020-12-31',
  userAddresID: 1
}}
2020-12-24T10:40:41.816Z [sysco_oms] info: false
2020-12-24T10:40:41.823Z [sysco_oms] info: false
2020-12-24T10:40:41.826Z [sysco_oms] info: false
2020-12-24T10:40:41.829Z [sysco_oms] info: false
2020-12-24T10:41:59.405Z [sysco_oms] info: false
2020-12-24T10:41:59.469Z [sysco_oms] info: false
2020-12-24T10:41:59.472Z [sysco_oms] info: false
2020-12-24T10:41:59.475Z [sysco_oms] info: false
2020-12-24T10:42:06.534Z [sysco_oms] info: false
2020-12-24T10:42:06.580Z [sysco_oms] info: false
2020-12-24T10:42:06.583Z [sysco_oms] info: false
2020-12-24T10:42:06.586Z [sysco_oms] info: false
2020-12-24T10:43:33.554Z [sysco_oms] info: false
2020-12-24T10:43:33.603Z [sysco_oms] info: false
2020-12-24T10:43:33.607Z [sysco_oms] info: false
2020-12-24T10:43:33.610Z [sysco_oms] info: false
2020-12-24T10:44:41.268Z [sysco_oms] info: false
2020-12-24T10:44:41.275Z [sysco_oms] info: false
2020-12-24T10:44:41.318Z [sysco_oms] info: false
2020-12-24T10:44:41.322Z [sysco_oms] info: false
2020-12-24T11:46:58.137Z [sysco_oms] info: false
2020-12-24T11:46:58.143Z [sysco_oms] info: false
2020-12-24T11:46:58.147Z [sysco_oms] info: false
2020-12-24T11:46:58.187Z [sysco_oms] info: false
2020-12-24T11:47:09.508Z [sysco_oms] info: false
2020-12-24T11:47:09.515Z [sysco_oms] info: false
2020-12-24T11:47:09.518Z [sysco_oms] info: false
2020-12-24T11:47:09.524Z [sysco_oms] info: false
2020-12-24T11:55:49.868Z [sysco_oms] info: false
2020-12-24T11:55:49.930Z [sysco_oms] info: false
2020-12-24T11:55:49.933Z [sysco_oms] info: false
2020-12-24T11:55:49.936Z [sysco_oms] info: false
2020-12-24T11:56:04.106Z [sysco_oms] info: false
2020-12-24T11:56:04.167Z [sysco_oms] info: false
2020-12-24T11:56:04.170Z [sysco_oms] info: false
2020-12-24T11:56:04.174Z [sysco_oms] info: false
2020-12-24T11:56:47.187Z [sysco_oms] info: false
2020-12-24T11:56:47.246Z [sysco_oms] info: false
2020-12-24T11:56:47.249Z [sysco_oms] info: false
2020-12-24T11:56:47.252Z [sysco_oms] info: false
2020-12-24T11:57:06.988Z [sysco_oms] info: OrderController getOrderRoute param: { fromDate=2020-01-01,toDate=2020-12-31,page=0,limit=10122wdqw}
2020-12-24T11:57:06.990Z [sysco_oms] error: INVALID_INPUTS OrderController getOrderRoute param: { fromDate=2020-01-01,toDate=2020-12-31,page=0,limit=10122wdqw}
2020-12-24T11:57:10.726Z [sysco_oms] info: OrderController getOrderRoute param: { fromDate=2020-01-01,toDate=2020-12-31,page=0qwwq,limit=10122wdqw}
2020-12-24T11:57:10.727Z [sysco_oms] error: INVALID_INPUTS OrderController getOrderRoute param: { fromDate=2020-01-01,toDate=2020-12-31,page=0qwwq,limit=10122wdqw}
2020-12-24T11:57:53.671Z [sysco_oms] info: OrderController updateOrderRoute() param: { orderId: dwd , orderStatus : {"orderStatus":"3dedwed"}}
2020-12-24T11:57:53.671Z [sysco_oms] error: INVALID_INPUTS OrderController updateOrderRoute() param: { orderId: dwd , orderStatus : {"orderStatus":"3dedwed"}}
2020-12-24T11:58:01.763Z [sysco_oms] info: OrderController updateOrderRoute() param: { orderId: dwd , orderStatus : {"orderStatus":"cancel"}}
2020-12-24T11:58:01.763Z [sysco_oms] error: INVALID_INPUTS OrderController updateOrderRoute() param: { orderId: dwd , orderStatus : {"orderStatus":"cancel"}}
2020-12-24T12:02:11.471Z [sysco_oms] info: false
2020-12-24T12:02:11.533Z [sysco_oms] info: false
2020-12-24T12:02:11.536Z [sysco_oms] info: false
2020-12-24T12:02:11.539Z [sysco_oms] info: false
2020-12-24T12:04:36.111Z [sysco_oms] info: false
2020-12-24T12:04:36.173Z [sysco_oms] info: false
2020-12-24T12:04:36.176Z [sysco_oms] info: false
2020-12-24T12:04:36.180Z [sysco_oms] info: false
2020-12-24T12:06:00.239Z [sysco_oms] info: false
2020-12-24T12:06:00.308Z [sysco_oms] info: false
2020-12-24T12:06:00.314Z [sysco_oms] info: false
2020-12-24T12:06:00.317Z [sysco_oms] info: false
2020-12-24T12:07:12.440Z [sysco_oms] info: false
2020-12-24T12:07:12.503Z [sysco_oms] info: false
2020-12-24T12:07:12.507Z [sysco_oms] info: false
2020-12-24T12:07:12.510Z [sysco_oms] info: false
2020-12-24T13:03:37.183Z [sysco_oms] info: false
2020-12-24T13:03:37.190Z [sysco_oms] info: false
2020-12-24T13:03:37.193Z [sysco_oms] info: false
2020-12-24T13:03:37.199Z [sysco_oms] info: false
2020-12-24T13:03:40.383Z [sysco_oms] info: false
2020-12-24T13:03:40.390Z [sysco_oms] info: false
2020-12-24T13:03:40.393Z [sysco_oms] info: false
2020-12-24T13:03:40.399Z [sysco_oms] info: false
2020-12-24T13:05:50.983Z [sysco_oms] info: false
2020-12-24T13:05:50.990Z [sysco_oms] info: false
2020-12-24T13:05:50.993Z [sysco_oms] info: false
2020-12-24T13:05:50.999Z [sysco_oms] info: false
2020-12-24T13:11:48.826Z [sysco_oms] info: false
2020-12-24T13:11:48.832Z [sysco_oms] info: false
2020-12-24T13:11:48.836Z [sysco_oms] info: false
2020-12-24T13:11:48.842Z [sysco_oms] info: false
2020-12-24T13:14:35.568Z [sysco_oms] info: false
2020-12-24T13:14:35.575Z [sysco_oms] info: false
2020-12-24T13:14:35.579Z [sysco_oms] info: false
2020-12-24T13:14:35.586Z [sysco_oms] info: false
2020-12-24T13:15:03.036Z [sysco_oms] info: false
2020-12-24T13:15:03.042Z [sysco_oms] info: false
2020-12-24T13:15:03.046Z [sysco_oms] info: false
2020-12-24T13:15:03.052Z [sysco_oms] info: false
2020-12-24T13:17:38.518Z [sysco_oms] info: false
2020-12-24T13:17:38.525Z [sysco_oms] info: false
2020-12-24T13:17:38.528Z [sysco_oms] info: false
2020-12-24T13:17:38.534Z [sysco_oms] info: false
2020-12-24T13:20:00.665Z [sysco_oms] info: false
2020-12-24T13:20:00.672Z [sysco_oms] info: false
2020-12-24T13:20:00.676Z [sysco_oms] info: false
2020-12-24T13:20:00.682Z [sysco_oms] info: false
2020-12-24T13:24:54.231Z [sysco_oms] info: false
2020-12-24T13:24:54.293Z [sysco_oms] info: false
2020-12-24T13:24:54.296Z [sysco_oms] info: false
2020-12-24T13:24:54.299Z [sysco_oms] info: false
2020-12-24T13:38:43.211Z [sysco_oms] info: false
2020-12-24T13:38:43.274Z [sysco_oms] info: false
2020-12-24T13:38:43.278Z [sysco_oms] info: false
2020-12-24T13:38:43.281Z [sysco_oms] info: false
2020-12-24T13:38:58.701Z [sysco_oms] info: false
2020-12-24T13:38:58.709Z [sysco_oms] info: false
2020-12-24T13:38:58.712Z [sysco_oms] info: false
2020-12-24T13:38:58.719Z [sysco_oms] info: false
2020-12-24T13:40:35.776Z [sysco_oms] info: false
2020-12-24T13:40:35.782Z [sysco_oms] info: false
2020-12-24T13:40:35.786Z [sysco_oms] info: false
2020-12-24T13:40:35.792Z [sysco_oms] info: false
2020-12-24T13:41:25.365Z [sysco_oms] info: false
2020-12-24T13:41:25.372Z [sysco_oms] info: false
2020-12-24T13:41:25.375Z [sysco_oms] info: false
2020-12-24T13:41:25.382Z [sysco_oms] info: false
2020-12-24T13:44:48.959Z [sysco_oms] info: false
2020-12-24T13:44:48.965Z [sysco_oms] info: false
2020-12-24T13:44:48.968Z [sysco_oms] info: false
2020-12-24T13:44:48.974Z [sysco_oms] info: false
2020-12-24T13:45:33.044Z [sysco_oms] info: false
2020-12-24T13:45:33.051Z [sysco_oms] info: false
2020-12-24T13:45:33.055Z [sysco_oms] info: false
2020-12-24T13:45:33.061Z [sysco_oms] info: false
2020-12-24T13:45:50.463Z [sysco_oms] info: false
2020-12-24T13:45:50.470Z [sysco_oms] info: false
2020-12-24T13:45:50.476Z [sysco_oms] info: false
2020-12-24T13:45:50.479Z [sysco_oms] info: false
